<?xml version="1.0" encoding="UTF-8"?>
<testsuite xmlns:xsi="http://www.w3.org/2001/XMLSchema-instance" xsi:noNamespaceSchemaLocation="https://maven.apache.org/surefire/maven-surefire-plugin/xsd/surefire-test-report-3.0.xsd" version="3.0" name="com.cg.SpringHibernateRestApi.SpringHibernateRestApiApplicationTests" time="1.641" tests="1" errors="0" skipped="0" failures="0">
  <properties>
[...]
</properties>
  <testcase name="contextLoads" classname="com.cg.SpringHibernateRestApi.SpringHibernateRestApiApplicationTests" time="0.005">
    <system-out><![CDATA[2024-03-25T14:57:12.870+05:30  INFO 25940 --- [           main] t.c.s.AnnotationConfigContextLoaderUtils : Could not detect default configuration classes for test class [com.cg.SpringHibernateRestApi.SpringHibernateRestApiApplicationTests]: SpringHibernateRestApiApplicationTests does not declare any static, non-private, non-final, nested classes annotated with @Configuration.
2024-03-25T14:57:12.872+05:30  INFO 25940 --- [           main] .b.t.c.SpringBootTestContextBootstrapper : Found @SpringBootConfiguration com.cg.Application for test class com.cg.SpringHibernateRestApi.SpringHibernateRestApiApplicationTests
2024-03-25T14:57:12.876+05:30  INFO 25940 --- [           main] o.s.b.d.r.RestartApplicationListener     : Restart disabled due to context in which it is running

  .   ____          _            __ _ _
 /\\ / ___'_ __ _ _(_)_ __  __ _ \ \ \ \
( ( )\___ | '_ | '_| | '_ \/ _` | \ \ \ \
 \\/  ___)| |_)| | | | | || (_| |  ) ) ) )
  '  |____| .__|_| |_|_| |_\__, | / / / /
 =========|_|==============|___/=/_/_/_/
 :: Spring Boot ::                (v3.2.3)

2024-03-25T14:57:12.913+05:30  INFO 25940 --- [           main] S.SpringHibernateRestApiApplicationTests : Starting SpringHibernateRestApiApplicationTests using Java 17.0.9 with PID 25940 (started by bansroy in C:\Users\BANSROY\Documents\CAPGEMINI-TRAINING\PRACTICE CODES\training\15-Spring-Boot-Rest-Jpa-Repository-Security)
2024-03-25T14:57:12.914+05:30  INFO 25940 --- [           main] S.SpringHibernateRestApiApplicationTests : No active profile set, falling back to 1 default profile: "default"
2024-03-25T14:57:13.163+05:30  INFO 25940 --- [           main] .s.d.r.c.RepositoryConfigurationDelegate : Bootstrapping Spring Data JPA repositories in DEFAULT mode.
2024-03-25T14:57:13.188+05:30  INFO 25940 --- [           main] .s.d.r.c.RepositoryConfigurationDelegate : Finished Spring Data repository scanning in 25 ms. Found 2 JPA repository interfaces.
2024-03-25T14:57:13.289+05:30  INFO 25940 --- [           main] o.hibernate.jpa.internal.util.LogHelper  : HHH000204: Processing PersistenceUnitInfo [name: default]
2024-03-25T14:57:13.292+05:30  INFO 25940 --- [           main] o.h.c.internal.RegionFactoryInitiator    : HHH000026: Second-level cache disabled
2024-03-25T14:57:13.298+05:30  INFO 25940 --- [           main] o.s.o.j.p.SpringPersistenceUnitInfo      : No LoadTimeWeaver setup: ignoring JPA class transformer
2024-03-25T14:57:13.299+05:30  INFO 25940 --- [           main] com.zaxxer.hikari.HikariDataSource       : HikariPool-2 - Starting...
2024-03-25T14:57:13.299+05:30  WARN 25940 --- [           main] c.zaxxer.hikari.util.DriverDataSource    : Registered driver with driverClassName=oracle.jdbc.driver.OracleDriver was not found, trying direct instantiation.
2024-03-25T14:57:13.326+05:30  INFO 25940 --- [           main] com.zaxxer.hikari.pool.HikariPool        : HikariPool-2 - Added connection oracle.jdbc.driver.T4CConnection@fbeec88
2024-03-25T14:57:13.326+05:30  INFO 25940 --- [           main] com.zaxxer.hikari.HikariDataSource       : HikariPool-2 - Start completed.
2024-03-25T14:57:13.328+05:30  WARN 25940 --- [           main] org.hibernate.dialect.Dialect            : HHH000511: The 11.2.0 version for [org.hibernate.dialect.OracleDialect] is no longer supported, hence certain features may not work properly. The minimum supported version is 19.0.0. Check the community dialects project for available legacy versions.
2024-03-25T14:57:13.329+05:30  WARN 25940 --- [           main] org.hibernate.orm.deprecation            : HHH90000025: OracleDialect does not need to be specified explicitly using 'hibernate.dialect' (remove the property setting and it will be selected by default)
Hibernate: create global temporary table HTE_review(movie_id number(10,0), rating float(24), review_id number(10,0), rn_ number(10,0) not null, reviewer_name varchar2(20 char), review varchar2(200 char), primary key (rn_)) on commit delete rows
Hibernate: create global temporary table HTE_userlogin(rn_ number(10,0) not null, id number(19,0), password varchar2(255 char), role varchar2(255 char), username varchar2(255 char), primary key (rn_)) on commit delete rows
2024-03-25T14:57:13.412+05:30  INFO 25940 --- [           main] o.h.e.t.j.p.i.JtaPlatformInitiator       : HHH000489: No JTA platform available (set 'hibernate.transaction.jta.platform' to enable JTA platform integration)
2024-03-25T14:57:13.727+05:30  INFO 25940 --- [           main] j.LocalContainerEntityManagerFactoryBean : Initialized JPA EntityManagerFactory for persistence unit 'default'
2024-03-25T14:57:13.835+05:30  WARN 25940 --- [           main] JpaBaseConfiguration$JpaWebConfiguration : spring.jpa.open-in-view is enabled by default. Therefore, database queries may be performed during view rendering. Explicitly configure spring.jpa.open-in-view to disable this warning
---Web security -- configure
2024-03-25T14:57:14.403+05:30  INFO 25940 --- [           main] o.s.s.web.DefaultSecurityFilterChain     : Will secure any request with [org.springframework.security.web.session.DisableEncodeUrlFilter@7da706de, org.springframework.security.web.context.request.async.WebAsyncManagerIntegrationFilter@5e284484, org.springframework.security.web.context.SecurityContextHolderFilter@7e38440b, org.springframework.security.web.header.HeaderWriterFilter@219e0fad, org.springframework.web.filter.CorsFilter@34365e75, org.springframework.security.web.authentication.logout.LogoutFilter@764990f, com.cg.secure.config.JwtRequestFilter@597e374, org.springframework.security.web.savedrequest.RequestCacheAwareFilter@3ee00406, org.springframework.security.web.servletapi.SecurityContextHolderAwareRequestFilter@6fd28710, org.springframework.security.web.authentication.AnonymousAuthenticationFilter@2a1c5329, org.springframework.security.web.session.SessionManagementFilter@5170a6dc, org.springframework.security.web.access.ExceptionTranslationFilter@61642f8d, org.springframework.security.web.access.intercept.AuthorizationFilter@420b87f5]
2024-03-25T14:57:14.501+05:30  INFO 25940 --- [           main] S.SpringHibernateRestApiApplicationTests : Started SpringHibernateRestApiApplicationTests in 1.624 seconds (process running for 14.52)
]]></system-out>
  </testcase>
</testsuite>